2020.07.08 08:20:48 INFO  started: Metals version 0.9.1 in workspace '/home/cmhh/Projects/seasadj/seasadj'
2020.07.08 08:20:49 INFO  time: initialize in 0.91s
2020.07.09 17:27:55 INFO  shutting down Metals
2020.08.11 12:37:49 INFO  started: Metals version 0.9.2 in workspace '/home/cmhh/Projects/seasadj/seasadj' for client vscode.
2020.08.11 12:37:50 INFO  time: initialize in 0.93s
2020.08.11 12:37:50 INFO  skipping build import with status 'Requested'
Aug 11, 2020 12:41:05 PM org.eclipse.lsp4j.jsonrpc.services.GenericEndpoint notify
INFO: Unsupported notification method: $/setTraceNotification
Aug 11, 2020 12:41:05 PM org.eclipse.lsp4j.jsonrpc.services.GenericEndpoint notify
INFO: Unsupported notification method: $/setTraceNotification
2020.08.11 19:58:48 INFO  no build target: using presentation compiler with only scala-library
2020.08.11 19:58:50 WARN  no build target for: /home/cmhh/Projects/seasadj/seasadj/src/main/scala/seasadj/InputType.scala
2020.08.11 19:59:11 WARN  no build target for: /home/cmhh/Projects/seasadj/seasadj/src/test/scala/SpecValueSpec.scala
2020.08.11 20:00:13 WARN  no build target for: /home/cmhh/Projects/seasadj/seasadj/src/main/scala/seasadj/SpecValue.scala
2020.08.11 20:01:07 WARN  no build target for: /home/cmhh/Projects/seasadj/seasadj/src/test/scala/SpecValueSpec.scala
2020.08.11 21:21:15 WARN  no build target for: /home/cmhh/Projects/seasadj/seasadj/src/main/scala/seasadj/Service.scala
2020.08.11 22:07:49 WARN  no build target for: /home/cmhh/Projects/seasadj/seasadj/src/main/scala/seasadj/Service.scala
2020.08.11 22:10:49 INFO  shutting down Metals
2020.08.11 22:13:16 INFO  started: Metals version 0.9.2 in workspace '/home/cmhh/Projects/seasadj/seasadj' for client vscode.
2020.08.11 22:13:17 INFO  time: initialize in 0.98s
2020.08.11 22:13:17 INFO  no build target: using presentation compiler with only scala-library
2020.08.11 22:13:17 INFO  skipping build import with status 'Requested'
2020.08.11 22:13:19 WARN  no build target for: /home/cmhh/Projects/seasadj/seasadj/src/main/scala/seasadj/Service.scala
